[22:44:40] [main/INFO]: Loaded 0 recipes
[22:44:40] [Server thread/INFO]: Starting minecraft server version 1.13.2
[22:44:40] [Server thread/INFO]: Loading properties
[22:44:40] [Server thread/INFO]: Default game type: SURVIVAL
[22:44:41] [Server thread/INFO]: This server is running Paper version git-Paper-643 (MC: 1.13.2) (Implementing API version 1.13.2-R0.1-SNAPSHOT)
[22:44:41] [Server thread/INFO]: Debug logging is disabled
[22:44:41] [Server thread/INFO]: Server Ping Player Sample Count: 12
[22:44:41] [Server thread/INFO]: Using 4 threads for Netty based IO
[22:44:41] [Server thread/INFO]: Generating keypair
[22:44:41] [Server thread/INFO]: Starting Minecraft server on *:25565
[22:44:41] [Server thread/INFO]: Using default channel type
[22:44:45] [Server thread/INFO]: [Wild] Loading Wild v0.9.0
[22:44:45] [Server thread/INFO]: Server permissions file permissions.yml is empty, ignoring it
[22:44:45] [Server thread/INFO]: Preparing level "world"
[22:44:45] [Server thread/INFO]: Reloading ResourceManager: Default, bukkit
[22:44:45] [Server thread/INFO]: Loaded 524 recipes
[22:44:46] [Server thread/INFO]: -------- World Settings For [world] --------
[22:44:46] [Server thread/INFO]: Zombie Aggressive Towards Villager: true
[22:44:46] [Server thread/INFO]: Random Lighting Updates: false
[22:44:46] [Server thread/INFO]: Max TNT Explosions: 100
[22:44:46] [Server thread/INFO]: Hopper Transfer: 8 Hopper Check: 1 Hopper Amount: 1
[22:44:46] [Server thread/INFO]: Tile Max Tick Time: 50ms Entity max Tick Time: 50ms
[22:44:46] [Server thread/INFO]: Entity Activation Range: An 32 / Mo 32 / Mi 16 / Tiv true
[22:44:46] [Server thread/INFO]: Entity Tracking Range: Pl 48 / An 48 / Mo 48 / Mi 32 / Other 64
[22:44:46] [Server thread/INFO]: Cactus Growth Modifier: 100%
[22:44:46] [Server thread/INFO]: Cane Growth Modifier: 100%
[22:44:46] [Server thread/INFO]: Melon Growth Modifier: 100%
[22:44:46] [Server thread/INFO]: Mushroom Growth Modifier: 100%
[22:44:46] [Server thread/INFO]: Pumpkin Growth Modifier: 100%
[22:44:46] [Server thread/INFO]: Sapling Growth Modifier: 100%
[22:44:46] [Server thread/INFO]: Beetroot Growth Modifier: 100%
[22:44:46] [Server thread/INFO]: Carrot Growth Modifier: 100%
[22:44:46] [Server thread/INFO]: Potato Growth Modifier: 100%
[22:44:46] [Server thread/INFO]: Wheat Growth Modifier: 100%
[22:44:46] [Server thread/INFO]: NetherWart Growth Modifier: 100%
[22:44:46] [Server thread/INFO]: Vine Growth Modifier: 100%
[22:44:46] [Server thread/INFO]: Cocoa Growth Modifier: 100%
[22:44:46] [Server thread/INFO]: Mob Spawn Range: 8
[22:44:46] [Server thread/INFO]: Experience Merge Radius: 3.0
[22:44:46] [Server thread/INFO]: Allow Zombie Pigmen to spawn from portal blocks: true
[22:44:46] [Server thread/INFO]: Item Despawn Rate: 6000
[22:44:46] [Server thread/INFO]: Item Merge Radius: 2.5
[22:44:46] [Server thread/INFO]: View Distance: 10
[22:44:46] [Server thread/INFO]: Arrow Despawn Rate: 1200
[22:44:46] [Server thread/INFO]: Custom Map Seeds:  Village: 10387312 Desert: 14357617 Igloo: 14357618 Jungle: 14357619 Swamp: 14357620 Monument: 10387313Ocean: 14357621 Shipwreck: 165745295 Slime: 987234911
[22:44:46] [Server thread/INFO]: Nerfing mobs spawned from spawners: false
[22:44:46] [Server thread/INFO]: -------- World Settings For [world_nether] --------
[22:44:46] [Server thread/INFO]: Zombie Aggressive Towards Villager: true
[22:44:46] [Server thread/INFO]: Random Lighting Updates: false
[22:44:46] [Server thread/INFO]: Max TNT Explosions: 100
[22:44:46] [Server thread/INFO]: Hopper Transfer: 8 Hopper Check: 1 Hopper Amount: 1
[22:44:46] [Server thread/INFO]: Tile Max Tick Time: 50ms Entity max Tick Time: 50ms
[22:44:46] [Server thread/INFO]: Entity Activation Range: An 32 / Mo 32 / Mi 16 / Tiv true
[22:44:46] [Server thread/INFO]: Entity Tracking Range: Pl 48 / An 48 / Mo 48 / Mi 32 / Other 64
[22:44:46] [Server thread/INFO]: Cactus Growth Modifier: 100%
[22:44:46] [Server thread/INFO]: Cane Growth Modifier: 100%
[22:44:46] [Server thread/INFO]: Melon Growth Modifier: 100%
[22:44:46] [Server thread/INFO]: Mushroom Growth Modifier: 100%
[22:44:46] [Server thread/INFO]: Pumpkin Growth Modifier: 100%
[22:44:46] [Server thread/INFO]: Sapling Growth Modifier: 100%
[22:44:46] [Server thread/INFO]: Beetroot Growth Modifier: 100%
[22:44:46] [Server thread/INFO]: Carrot Growth Modifier: 100%
[22:44:46] [Server thread/INFO]: Potato Growth Modifier: 100%
[22:44:46] [Server thread/INFO]: Wheat Growth Modifier: 100%
[22:44:46] [Server thread/INFO]: NetherWart Growth Modifier: 100%
[22:44:46] [Server thread/INFO]: Vine Growth Modifier: 100%
[22:44:46] [Server thread/INFO]: Cocoa Growth Modifier: 100%
[22:44:46] [Server thread/INFO]: Mob Spawn Range: 8
[22:44:46] [Server thread/INFO]: Experience Merge Radius: 3.0
[22:44:46] [Server thread/INFO]: Allow Zombie Pigmen to spawn from portal blocks: true
[22:44:46] [Server thread/INFO]: Item Despawn Rate: 6000
[22:44:46] [Server thread/INFO]: Item Merge Radius: 2.5
[22:44:46] [Server thread/INFO]: View Distance: 10
[22:44:46] [Server thread/INFO]: Arrow Despawn Rate: 1200
[22:44:46] [Server thread/INFO]: Custom Map Seeds:  Village: 10387312 Desert: 14357617 Igloo: 14357618 Jungle: 14357619 Swamp: 14357620 Monument: 10387313Ocean: 14357621 Shipwreck: 165745295 Slime: 987234911
[22:44:46] [Server thread/INFO]: Nerfing mobs spawned from spawners: false
[22:44:46] [Server thread/INFO]: -------- World Settings For [world_the_end] --------
[22:44:46] [Server thread/INFO]: Zombie Aggressive Towards Villager: true
[22:44:46] [Server thread/INFO]: Random Lighting Updates: false
[22:44:46] [Server thread/INFO]: Max TNT Explosions: 100
[22:44:46] [Server thread/INFO]: Hopper Transfer: 8 Hopper Check: 1 Hopper Amount: 1
[22:44:46] [Server thread/INFO]: Tile Max Tick Time: 50ms Entity max Tick Time: 50ms
[22:44:46] [Server thread/INFO]: Entity Activation Range: An 32 / Mo 32 / Mi 16 / Tiv true
[22:44:46] [Server thread/INFO]: Entity Tracking Range: Pl 48 / An 48 / Mo 48 / Mi 32 / Other 64
[22:44:46] [Server thread/INFO]: Cactus Growth Modifier: 100%
[22:44:46] [Server thread/INFO]: Cane Growth Modifier: 100%
[22:44:46] [Server thread/INFO]: Melon Growth Modifier: 100%
[22:44:46] [Server thread/INFO]: Mushroom Growth Modifier: 100%
[22:44:46] [Server thread/INFO]: Pumpkin Growth Modifier: 100%
[22:44:46] [Server thread/INFO]: Sapling Growth Modifier: 100%
[22:44:46] [Server thread/INFO]: Beetroot Growth Modifier: 100%
[22:44:46] [Server thread/INFO]: Carrot Growth Modifier: 100%
[22:44:46] [Server thread/INFO]: Potato Growth Modifier: 100%
[22:44:46] [Server thread/INFO]: Wheat Growth Modifier: 100%
[22:44:46] [Server thread/INFO]: NetherWart Growth Modifier: 100%
[22:44:46] [Server thread/INFO]: Vine Growth Modifier: 100%
[22:44:46] [Server thread/INFO]: Cocoa Growth Modifier: 100%
[22:44:46] [Server thread/INFO]: Mob Spawn Range: 8
[22:44:46] [Server thread/INFO]: Experience Merge Radius: 3.0
[22:44:46] [Server thread/INFO]: Allow Zombie Pigmen to spawn from portal blocks: true
[22:44:46] [Server thread/INFO]: Item Despawn Rate: 6000
[22:44:46] [Server thread/INFO]: Item Merge Radius: 2.5
[22:44:46] [Server thread/INFO]: View Distance: 10
[22:44:46] [Server thread/INFO]: Arrow Despawn Rate: 1200
[22:44:46] [Server thread/INFO]: Custom Map Seeds:  Village: 10387312 Desert: 14357617 Igloo: 14357618 Jungle: 14357619 Swamp: 14357620 Monument: 10387313Ocean: 14357621 Shipwreck: 165745295 Slime: 987234911
[22:44:46] [Server thread/INFO]: Nerfing mobs spawned from spawners: false
[22:44:46] [Server thread/INFO]: Preparing start region for level minecraft:overworld (Seed: -4895512774511520945)
[22:44:46] [Server thread/INFO]: Preparing start region for level minecraft:the_nether (Seed: -4895512774511520945)
[22:44:46] [Server thread/INFO]: Preparing start region for level minecraft:the_end (Seed: -4895512774511520945)
[22:44:46] [Server thread/INFO]: Time elapsed: 30 ms
[22:44:46] [Server thread/INFO]: [Wild] Enabling Wild v0.9.0
[22:44:47] [Server thread/INFO]: [org.reflections.Reflections] Reflections took 155 ms to scan 16 urls, producing 33959 keys and 35629 values 
[22:44:47] [Server thread/INFO]: [Wild] Found existing translation file in english.yml.
[22:44:47] [Server thread/INFO]: Done (2.041s)! For help, type "help"
[22:44:47] [Server thread/INFO]: Timings Reset
